[debug] [2023-05-02T14:54:00.249Z] ----------------------------------------------------------------------
[debug] [2023-05-02T14:54:00.251Z] Command:       C:\Program Files\nodejs\node.exe C:\Users\rohit\AppData\Roaming\npm\node_modules\firebase-tools\lib\bin\firebase.js init
[debug] [2023-05-02T14:54:00.252Z] CLI Version:   11.29.1
[debug] [2023-05-02T14:54:00.252Z] Platform:      win32
[debug] [2023-05-02T14:54:00.252Z] Node Version:  v16.14.2
[debug] [2023-05-02T14:54:00.253Z] Time:          Tue May 02 2023 20:24:00 GMT+0530 (India Standard Time)
[debug] [2023-05-02T14:54:00.254Z] ----------------------------------------------------------------------
[debug] 
[debug] [2023-05-02T14:54:00.263Z] > command requires scopes: ["email","openid","https://www.googleapis.com/auth/cloudplatformprojects.readonly","https://www.googleapis.com/auth/firebase","https://www.googleapis.com/auth/cloud-platform"]
[debug] [2023-05-02T14:54:00.264Z] > authorizing via signed-in user (rohitpachauri115@gmail.com)
[info] 
     ######## #### ########  ######## ########     ###     ######  ########
     ##        ##  ##     ## ##       ##     ##  ##   ##  ##       ##
     ######    ##  ########  ######   ########  #########  ######  ######
     ##        ##  ##    ##  ##       ##     ## ##     ##       ## ##
     ##       #### ##     ## ######## ########  ##     ##  ######  ########

You're about to initialize a Firebase project in this directory:

  C:\ANGULAR-IN-ONE\Todo-List\Todo-List\dist

Before we get started, keep in mind:

  * You are currently outside your home directory

[info] 
=== Project Setup
[info] 
[info] First, let's associate this project directory with a Firebase project.
[info] You can create multiple project aliases by running firebase use --add, 
[info] but for now we'll just set up a default project.
[info] 
[debug] [2023-05-02T14:54:16.139Z] >>> [apiv2][query] GET https://firebase.googleapis.com/v1beta1/projects pageSize=100
[debug] [2023-05-02T14:54:17.413Z] <<< [apiv2][status] GET https://firebase.googleapis.com/v1beta1/projects 200
[debug] [2023-05-02T14:54:17.414Z] <<< [apiv2][body] GET https://firebase.googleapis.com/v1beta1/projects [omitted]
